2025/10/12 16:44:55 [notice] 1#1: using the "epoll" event method
2025/10/12 16:44:55 [notice] 1#1: nginx/1.28.0
2025/10/12 16:44:55 [notice] 1#1: built by gcc 14.2.0 (Alpine 14.2.0) 
2025/10/12 16:44:55 [notice] 1#1: OS: Linux 6.14.0-33-generic
2025/10/12 16:44:55 [notice] 1#1: getrlimit(RLIMIT_NOFILE): 1048576:1048576
2025/10/12 16:44:55 [notice] 1#1: start worker processes
2025/10/12 16:44:55 [notice] 1#1: start worker process 30
2025/10/12 16:44:55 [notice] 1#1: start worker process 31
2025/10/12 16:44:55 [notice] 1#1: start worker process 32
2025/10/12 16:44:55 [notice] 1#1: start worker process 33
2025/10/12 16:47:59 [error] 31#31: *1 open() "/usr/share/nginx/html/favicon.ico" failed (2: No such file or directory), client: 172.20.0.1, server: localhost, request: "GET /favicon.ico HTTP/1.1", host: "localhost:8080", referrer: "http://localhost:8080/"
2025/10/13 16:30:59 [notice] 1#1: using the "epoll" event method
2025/10/13 16:30:59 [notice] 1#1: nginx/1.28.0
2025/10/13 16:30:59 [notice] 1#1: built by gcc 14.2.0 (Alpine 14.2.0) 
2025/10/13 16:30:59 [notice] 1#1: OS: Linux 6.14.0-33-generic
2025/10/13 16:30:59 [notice] 1#1: getrlimit(RLIMIT_NOFILE): 1048576:1048576
2025/10/13 16:30:59 [notice] 1#1: start worker processes
2025/10/13 16:30:59 [notice] 1#1: start worker process 30
2025/10/13 16:30:59 [notice] 1#1: start worker process 31
2025/10/13 16:30:59 [notice] 1#1: start worker process 32
2025/10/13 16:30:59 [notice] 1#1: start worker process 33
2025/10/13 16:33:49 [notice] 1#1: signal 3 (SIGQUIT) received, shutting down
2025/10/13 16:33:49 [notice] 30#30: gracefully shutting down
2025/10/13 16:33:49 [notice] 30#30: exiting
2025/10/13 16:33:49 [notice] 33#33: gracefully shutting down
2025/10/13 16:33:49 [notice] 33#33: exiting
2025/10/13 16:33:49 [notice] 30#30: exit
2025/10/13 16:33:49 [notice] 31#31: gracefully shutting down
2025/10/13 16:33:49 [notice] 31#31: exiting
2025/10/13 16:33:49 [notice] 31#31: exit
2025/10/13 16:33:49 [notice] 32#32: gracefully shutting down
2025/10/13 16:33:49 [notice] 32#32: exiting
2025/10/13 16:33:49 [notice] 33#33: exit
2025/10/13 16:33:49 [notice] 32#32: exit
2025/10/13 16:33:49 [notice] 1#1: signal 17 (SIGCHLD) received from 31
2025/10/13 16:33:49 [notice] 1#1: worker process 30 exited with code 0
2025/10/13 16:33:49 [notice] 1#1: worker process 31 exited with code 0
2025/10/13 16:33:49 [notice] 1#1: signal 29 (SIGIO) received
2025/10/13 16:33:49 [notice] 1#1: signal 17 (SIGCHLD) received from 33
2025/10/13 16:33:49 [notice] 1#1: worker process 32 exited with code 0
2025/10/13 16:33:49 [notice] 1#1: worker process 33 exited with code 0
2025/10/13 16:33:49 [notice] 1#1: exit
2025/10/13 16:34:30 [notice] 1#1: using the "epoll" event method
2025/10/13 16:34:30 [notice] 1#1: nginx/1.28.0
2025/10/13 16:34:30 [notice] 1#1: built by gcc 14.2.0 (Alpine 14.2.0) 
2025/10/13 16:34:30 [notice] 1#1: OS: Linux 6.14.0-33-generic
2025/10/13 16:34:30 [notice] 1#1: getrlimit(RLIMIT_NOFILE): 1048576:1048576
2025/10/13 16:34:30 [notice] 1#1: start worker processes
2025/10/13 16:34:30 [notice] 1#1: start worker process 30
2025/10/13 16:34:30 [notice] 1#1: start worker process 31
2025/10/13 16:34:30 [notice] 1#1: start worker process 32
2025/10/13 16:34:30 [notice] 1#1: start worker process 33
2025/10/13 16:44:54 [notice] 1#1: signal 3 (SIGQUIT) received, shutting down
2025/10/13 16:44:54 [notice] 30#30: gracefully shutting down
2025/10/13 16:44:54 [notice] 30#30: exiting
2025/10/13 16:44:54 [notice] 30#30: exit
2025/10/13 16:44:54 [notice] 32#32: gracefully shutting down
2025/10/13 16:44:54 [notice] 32#32: exiting
2025/10/13 16:44:54 [notice] 32#32: exit
2025/10/13 16:44:54 [notice] 31#31: gracefully shutting down
2025/10/13 16:44:54 [notice] 31#31: exiting
2025/10/13 16:44:54 [notice] 33#33: gracefully shutting down
2025/10/13 16:44:54 [notice] 33#33: exiting
2025/10/13 16:44:54 [notice] 33#33: exit
2025/10/13 16:44:54 [notice] 31#31: exit
2025/10/13 16:44:54 [notice] 1#1: signal 17 (SIGCHLD) received from 32
2025/10/13 16:44:54 [notice] 1#1: worker process 32 exited with code 0
2025/10/13 16:44:54 [notice] 1#1: signal 29 (SIGIO) received
2025/10/13 16:44:54 [notice] 1#1: signal 17 (SIGCHLD) received from 31
2025/10/13 16:44:54 [notice] 1#1: worker process 30 exited with code 0
2025/10/13 16:44:54 [notice] 1#1: worker process 31 exited with code 0
2025/10/13 16:44:54 [notice] 1#1: worker process 33 exited with code 0
2025/10/13 16:44:54 [notice] 1#1: exit
2025/10/13 16:45:08 [notice] 1#1: using the "epoll" event method
2025/10/13 16:45:08 [notice] 1#1: nginx/1.28.0
2025/10/13 16:45:08 [notice] 1#1: built by gcc 14.2.0 (Alpine 14.2.0) 
2025/10/13 16:45:08 [notice] 1#1: OS: Linux 6.14.0-33-generic
2025/10/13 16:45:08 [notice] 1#1: getrlimit(RLIMIT_NOFILE): 1048576:1048576
2025/10/13 16:45:08 [notice] 1#1: start worker processes
2025/10/13 16:45:08 [notice] 1#1: start worker process 30
2025/10/13 16:45:08 [notice] 1#1: start worker process 31
2025/10/13 16:45:08 [notice] 1#1: start worker process 32
2025/10/13 16:45:08 [notice] 1#1: start worker process 33
2025/10/13 16:51:25 [notice] 1#1: signal 3 (SIGQUIT) received, shutting down
2025/10/13 16:51:25 [notice] 30#30: gracefully shutting down
2025/10/13 16:51:25 [notice] 31#31: gracefully shutting down
2025/10/13 16:51:25 [notice] 30#30: exiting
2025/10/13 16:51:25 [notice] 31#31: exiting
2025/10/13 16:51:25 [notice] 32#32: gracefully shutting down
2025/10/13 16:51:25 [notice] 32#32: exiting
2025/10/13 16:51:25 [notice] 30#30: exit
2025/10/13 16:51:25 [notice] 31#31: exit
2025/10/13 16:51:25 [notice] 32#32: exit
2025/10/13 16:51:25 [notice] 33#33: gracefully shutting down
2025/10/13 16:51:25 [notice] 33#33: exiting
2025/10/13 16:51:25 [notice] 33#33: exit
2025/10/13 16:51:25 [notice] 1#1: signal 17 (SIGCHLD) received from 30
2025/10/13 16:51:25 [notice] 1#1: worker process 30 exited with code 0
2025/10/13 16:51:25 [notice] 1#1: signal 29 (SIGIO) received
2025/10/13 16:51:25 [notice] 1#1: signal 17 (SIGCHLD) received from 32
2025/10/13 16:51:25 [notice] 1#1: worker process 32 exited with code 0
2025/10/13 16:51:25 [notice] 1#1: signal 29 (SIGIO) received
2025/10/13 16:51:25 [notice] 1#1: signal 17 (SIGCHLD) received from 31
2025/10/13 16:51:25 [notice] 1#1: worker process 31 exited with code 0
2025/10/13 16:51:25 [notice] 1#1: signal 29 (SIGIO) received
2025/10/13 16:51:25 [notice] 1#1: signal 17 (SIGCHLD) received from 33
2025/10/13 16:51:25 [notice] 1#1: worker process 33 exited with code 0
2025/10/13 16:51:25 [notice] 1#1: exit
2025/10/13 16:51:37 [notice] 1#1: using the "epoll" event method
2025/10/13 16:51:37 [notice] 1#1: nginx/1.28.0
2025/10/13 16:51:37 [notice] 1#1: built by gcc 14.2.0 (Alpine 14.2.0) 
2025/10/13 16:51:37 [notice] 1#1: OS: Linux 6.14.0-33-generic
2025/10/13 16:51:37 [notice] 1#1: getrlimit(RLIMIT_NOFILE): 1048576:1048576
2025/10/13 16:51:37 [notice] 1#1: start worker processes
2025/10/13 16:51:37 [notice] 1#1: start worker process 30
2025/10/13 16:51:37 [notice] 1#1: start worker process 31
2025/10/13 16:51:37 [notice] 1#1: start worker process 32
2025/10/13 16:51:37 [notice] 1#1: start worker process 33
2025/10/13 17:00:19 [notice] 1#1: signal 3 (SIGQUIT) received, shutting down
2025/10/13 17:00:19 [notice] 31#31: gracefully shutting down
2025/10/13 17:00:19 [notice] 30#30: gracefully shutting down
2025/10/13 17:00:19 [notice] 30#30: exiting
2025/10/13 17:00:19 [notice] 31#31: exiting
2025/10/13 17:00:19 [notice] 30#30: exit
2025/10/13 17:00:19 [notice] 31#31: exit
2025/10/13 17:00:19 [notice] 32#32: gracefully shutting down
2025/10/13 17:00:19 [notice] 32#32: exiting
2025/10/13 17:00:19 [notice] 32#32: exit
2025/10/13 17:00:19 [notice] 33#33: gracefully shutting down
2025/10/13 17:00:19 [notice] 33#33: exiting
2025/10/13 17:00:19 [notice] 33#33: exit
2025/10/13 17:00:19 [notice] 1#1: signal 17 (SIGCHLD) received from 32
2025/10/13 17:00:19 [notice] 1#1: worker process 32 exited with code 0
2025/10/13 17:00:19 [notice] 1#1: signal 29 (SIGIO) received
2025/10/13 17:00:19 [notice] 1#1: signal 17 (SIGCHLD) received from 31
2025/10/13 17:00:19 [notice] 1#1: worker process 31 exited with code 0
2025/10/13 17:00:19 [notice] 1#1: signal 29 (SIGIO) received
2025/10/13 17:00:19 [notice] 1#1: signal 17 (SIGCHLD) received from 30
2025/10/13 17:00:19 [notice] 1#1: worker process 30 exited with code 0
2025/10/13 17:00:19 [notice] 1#1: signal 29 (SIGIO) received
2025/10/13 17:00:19 [notice] 1#1: signal 17 (SIGCHLD) received from 33
2025/10/13 17:00:19 [notice] 1#1: worker process 33 exited with code 0
2025/10/13 17:00:19 [notice] 1#1: exit
2025/10/13 17:00:49 [notice] 1#1: using the "epoll" event method
2025/10/13 17:00:49 [notice] 1#1: nginx/1.28.0
2025/10/13 17:00:49 [notice] 1#1: built by gcc 14.2.0 (Alpine 14.2.0) 
2025/10/13 17:00:49 [notice] 1#1: OS: Linux 6.14.0-33-generic
2025/10/13 17:00:49 [notice] 1#1: getrlimit(RLIMIT_NOFILE): 1048576:1048576
2025/10/13 17:00:49 [notice] 1#1: start worker processes
2025/10/13 17:00:49 [notice] 1#1: start worker process 30
2025/10/13 17:00:49 [notice] 1#1: start worker process 31
2025/10/13 17:00:49 [notice] 1#1: start worker process 32
2025/10/13 17:00:49 [notice] 1#1: start worker process 33
2025/10/13 17:02:38 [notice] 1#1: signal 3 (SIGQUIT) received, shutting down
2025/10/13 17:02:38 [notice] 30#30: gracefully shutting down
2025/10/13 17:02:38 [notice] 30#30: exiting
2025/10/13 17:02:38 [notice] 30#30: exit
2025/10/13 17:02:38 [notice] 31#31: gracefully shutting down
2025/10/13 17:02:38 [notice] 31#31: exiting
2025/10/13 17:02:38 [notice] 31#31: exit
2025/10/13 17:02:38 [notice] 32#32: gracefully shutting down
2025/10/13 17:02:38 [notice] 32#32: exiting
2025/10/13 17:02:38 [notice] 32#32: exit
2025/10/13 17:02:38 [notice] 33#33: gracefully shutting down
2025/10/13 17:02:38 [notice] 33#33: exiting
2025/10/13 17:02:38 [notice] 33#33: exit
2025/10/13 17:02:38 [notice] 1#1: signal 17 (SIGCHLD) received from 32
2025/10/13 17:02:38 [notice] 1#1: worker process 32 exited with code 0
2025/10/13 17:02:38 [notice] 1#1: signal 29 (SIGIO) received
2025/10/13 17:02:38 [notice] 1#1: signal 17 (SIGCHLD) received from 30
2025/10/13 17:02:38 [notice] 1#1: worker process 30 exited with code 0
2025/10/13 17:02:38 [notice] 1#1: signal 29 (SIGIO) received
2025/10/13 17:02:38 [notice] 1#1: signal 17 (SIGCHLD) received from 33
2025/10/13 17:02:38 [notice] 1#1: worker process 31 exited with code 0
2025/10/13 17:02:38 [notice] 1#1: worker process 33 exited with code 0
2025/10/13 17:02:38 [notice] 1#1: exit
2025/10/13 17:11:42 [notice] 1#1: using the "epoll" event method
2025/10/13 17:11:42 [notice] 1#1: nginx/1.28.0
2025/10/13 17:11:42 [notice] 1#1: built by gcc 14.2.0 (Alpine 14.2.0) 
2025/10/13 17:11:42 [notice] 1#1: OS: Linux 6.14.0-33-generic
2025/10/13 17:11:42 [notice] 1#1: getrlimit(RLIMIT_NOFILE): 1048576:1048576
2025/10/13 17:11:42 [notice] 1#1: start worker processes
2025/10/13 17:11:42 [notice] 1#1: start worker process 30
2025/10/13 17:11:42 [notice] 1#1: start worker process 31
2025/10/13 17:11:42 [notice] 1#1: start worker process 32
2025/10/13 17:11:42 [notice] 1#1: start worker process 33
2025/10/13 17:22:55 [notice] 1#1: signal 3 (SIGQUIT) received, shutting down
2025/10/13 17:22:55 [notice] 30#30: gracefully shutting down
2025/10/13 17:22:55 [notice] 33#33: gracefully shutting down
2025/10/13 17:22:55 [notice] 33#33: exiting
2025/10/13 17:22:55 [notice] 30#30: exiting
2025/10/13 17:22:55 [notice] 33#33: exit
2025/10/13 17:22:55 [notice] 30#30: exit
2025/10/13 17:22:55 [notice] 31#31: gracefully shutting down
2025/10/13 17:22:55 [notice] 31#31: exiting
2025/10/13 17:22:55 [notice] 31#31: exit
2025/10/13 17:22:55 [notice] 32#32: gracefully shutting down
2025/10/13 17:22:55 [notice] 32#32: exiting
2025/10/13 17:22:55 [notice] 32#32: exit
2025/10/13 17:22:55 [notice] 1#1: signal 17 (SIGCHLD) received from 33
2025/10/13 17:22:55 [notice] 1#1: worker process 30 exited with code 0
2025/10/13 17:22:55 [notice] 1#1: worker process 33 exited with code 0
2025/10/13 17:22:55 [notice] 1#1: signal 29 (SIGIO) received
2025/10/13 17:22:55 [notice] 1#1: signal 17 (SIGCHLD) received from 30
2025/10/13 17:22:55 [notice] 1#1: signal 17 (SIGCHLD) received from 31
2025/10/13 17:22:55 [notice] 1#1: worker process 31 exited with code 0
2025/10/13 17:22:55 [notice] 1#1: signal 29 (SIGIO) received
2025/10/13 17:22:55 [notice] 1#1: signal 17 (SIGCHLD) received from 32
2025/10/13 17:22:55 [notice] 1#1: worker process 32 exited with code 0
2025/10/13 17:22:55 [notice] 1#1: exit
2025/10/13 17:23:59 [notice] 1#1: using the "epoll" event method
2025/10/13 17:23:59 [notice] 1#1: nginx/1.28.0
2025/10/13 17:23:59 [notice] 1#1: built by gcc 14.2.0 (Alpine 14.2.0) 
2025/10/13 17:23:59 [notice] 1#1: OS: Linux 6.14.0-33-generic
2025/10/13 17:23:59 [notice] 1#1: getrlimit(RLIMIT_NOFILE): 1048576:1048576
2025/10/13 17:23:59 [notice] 1#1: start worker processes
2025/10/13 17:23:59 [notice] 1#1: start worker process 30
2025/10/13 17:23:59 [notice] 1#1: start worker process 31
2025/10/13 17:23:59 [notice] 1#1: start worker process 32
2025/10/13 17:23:59 [notice] 1#1: start worker process 33
2025/10/13 18:06:45 [notice] 1#1: signal 3 (SIGQUIT) received, shutting down
2025/10/13 18:06:45 [notice] 31#31: gracefully shutting down
2025/10/13 18:06:45 [notice] 32#32: gracefully shutting down
2025/10/13 18:06:45 [notice] 30#30: gracefully shutting down
2025/10/13 18:06:45 [notice] 30#30: exiting
2025/10/13 18:06:45 [notice] 30#30: exit
2025/10/13 18:06:45 [notice] 33#33: gracefully shutting down
2025/10/13 18:06:45 [notice] 32#32: exiting
2025/10/13 18:06:45 [notice] 32#32: exit
2025/10/13 18:06:45 [notice] 31#31: exiting
2025/10/13 18:06:45 [notice] 31#31: exit
2025/10/13 18:06:45 [notice] 33#33: exiting
2025/10/13 18:06:45 [notice] 33#33: exit
2025/10/13 18:06:45 [notice] 1#1: signal 17 (SIGCHLD) received from 33
2025/10/13 18:06:45 [notice] 1#1: worker process 33 exited with code 0
2025/10/13 18:06:45 [notice] 1#1: signal 29 (SIGIO) received
2025/10/13 18:06:45 [notice] 1#1: signal 17 (SIGCHLD) received from 32
2025/10/13 18:06:45 [notice] 1#1: worker process 30 exited with code 0
2025/10/13 18:06:45 [notice] 1#1: worker process 32 exited with code 0
2025/10/13 18:06:45 [notice] 1#1: signal 29 (SIGIO) received
2025/10/13 18:06:45 [notice] 1#1: signal 17 (SIGCHLD) received from 31
2025/10/13 18:06:45 [notice] 1#1: worker process 31 exited with code 0
2025/10/13 18:06:45 [notice] 1#1: exit
2025/10/13 18:06:59 [notice] 1#1: using the "epoll" event method
2025/10/13 18:06:59 [notice] 1#1: nginx/1.28.0
2025/10/13 18:06:59 [notice] 1#1: built by gcc 14.2.0 (Alpine 14.2.0) 
2025/10/13 18:06:59 [notice] 1#1: OS: Linux 6.14.0-33-generic
2025/10/13 18:06:59 [notice] 1#1: getrlimit(RLIMIT_NOFILE): 1048576:1048576
2025/10/13 18:06:59 [notice] 1#1: start worker processes
2025/10/13 18:06:59 [notice] 1#1: start worker process 31
2025/10/13 18:06:59 [notice] 1#1: start worker process 32
2025/10/13 18:06:59 [notice] 1#1: start worker process 33
2025/10/13 18:06:59 [notice] 1#1: start worker process 34
